<?xml version="1.0" encoding="UTF-8"?>
<!-- Generated by org.testng.reporters.JUnitReportReporter -->
<testsuite hostname="DESKTOP-OP4US6A" failures="0" tests="1" name="Base.BaseClass" time="56.695" errors="0" timestamp="2021-06-09T16:59:47 IST" skipped="0">
  <testcase classname="Base.BaseClass" name="LoginTest" time="56.695"/>
  <system-out/>
</testsuite> <!-- Base.BaseClass -->
